mode: atomic
github.com/TetsuyaXD/swerve/src/db/domain.go:30.37,33.16 2 1
github.com/TetsuyaXD/swerve/src/db/domain.go:37.2,38.55 2 1
github.com/TetsuyaXD/swerve/src/db/domain.go:42.2,42.41 1 1
github.com/TetsuyaXD/swerve/src/db/domain.go:46.2,46.22 1 1
github.com/TetsuyaXD/swerve/src/db/domain.go:50.2,50.50 1 1
github.com/TetsuyaXD/swerve/src/db/domain.go:54.2,54.12 1 1
github.com/TetsuyaXD/swerve/src/db/domain.go:33.16,35.3 1 1
github.com/TetsuyaXD/swerve/src/db/domain.go:38.55,40.3 1 1
github.com/TetsuyaXD/swerve/src/db/domain.go:42.41,44.3 1 1
github.com/TetsuyaXD/swerve/src/db/domain.go:46.22,48.3 1 1
github.com/TetsuyaXD/swerve/src/db/domain.go:50.50,52.3 1 1
github.com/TetsuyaXD/swerve/src/db/domain.go:58.61,64.26 5 11
github.com/TetsuyaXD/swerve/src/db/domain.go:72.2,72.53 1 11
github.com/TetsuyaXD/swerve/src/db/domain.go:96.2,96.69 1 11
github.com/TetsuyaXD/swerve/src/db/domain.go:100.2,100.39 1 11
github.com/TetsuyaXD/swerve/src/db/domain.go:64.26,67.31 2 5
github.com/TetsuyaXD/swerve/src/db/domain.go:67.31,69.4 1 4
github.com/TetsuyaXD/swerve/src/db/domain.go:72.53,73.36 1 6
github.com/TetsuyaXD/swerve/src/db/domain.go:73.36,75.18 1 6
github.com/TetsuyaXD/swerve/src/db/domain.go:79.4,79.46 1 6
github.com/TetsuyaXD/swerve/src/db/domain.go:75.18,76.13 1 0
github.com/TetsuyaXD/swerve/src/db/domain.go:79.46,82.82 2 4
github.com/TetsuyaXD/swerve/src/db/domain.go:91.5,91.10 1 4
github.com/TetsuyaXD/swerve/src/db/domain.go:82.82,84.6 1 2
github.com/TetsuyaXD/swerve/src/db/domain.go:84.11,85.22 1 2
github.com/TetsuyaXD/swerve/src/db/domain.go:85.22,87.7 1 1
github.com/TetsuyaXD/swerve/src/db/domain.go:87.12,89.7 1 1
github.com/TetsuyaXD/swerve/src/db/domain.go:96.69,98.3 1 3
github.com/TetsuyaXD/swerve/src/db/domain.go:104.76,122.2 2 0
github.com/TetsuyaXD/swerve/src/db/domain.go:125.56,136.2 2 0
github.com/TetsuyaXD/swerve/src/db/domain.go:139.58,149.16 2 0
github.com/TetsuyaXD/swerve/src/db/domain.go:153.2,154.76 2 0
github.com/TetsuyaXD/swerve/src/db/domain.go:158.2,158.17 1 0
github.com/TetsuyaXD/swerve/src/db/domain.go:149.16,151.3 1 0
github.com/TetsuyaXD/swerve/src/db/domain.go:154.76,156.3 1 0
github.com/TetsuyaXD/swerve/src/db/domain.go:162.49,167.16 2 0
github.com/TetsuyaXD/swerve/src/db/domain.go:171.2,173.16 3 0
github.com/TetsuyaXD/swerve/src/db/domain.go:177.2,177.18 1 0
github.com/TetsuyaXD/swerve/src/db/domain.go:167.16,169.3 1 0
github.com/TetsuyaXD/swerve/src/db/domain.go:173.16,175.3 1 0
github.com/TetsuyaXD/swerve/src/db/domain.go:181.54,184.16 2 0
github.com/TetsuyaXD/swerve/src/db/domain.go:188.2,193.12 2 0
github.com/TetsuyaXD/swerve/src/db/domain.go:184.16,186.3 1 0
github.com/TetsuyaXD/swerve/src/db/domain.go:197.45,200.16 2 0
github.com/TetsuyaXD/swerve/src/db/domain.go:204.2,204.29 1 0
github.com/TetsuyaXD/swerve/src/db/domain.go:211.2,211.12 1 0
github.com/TetsuyaXD/swerve/src/db/domain.go:200.16,202.3 1 0
github.com/TetsuyaXD/swerve/src/db/domain.go:204.29,206.17 2 0
github.com/TetsuyaXD/swerve/src/db/domain.go:206.17,208.4 1 0
github.com/TetsuyaXD/swerve/src/db/domain.go:215.51,216.31 1 0
github.com/TetsuyaXD/swerve/src/db/domain.go:229.2,229.12 1 0
github.com/TetsuyaXD/swerve/src/db/domain.go:216.31,219.17 2 0
github.com/TetsuyaXD/swerve/src/db/domain.go:223.3,226.5 1 0
github.com/TetsuyaXD/swerve/src/db/domain.go:219.17,221.4 1 0
github.com/TetsuyaXD/swerve/src/db/cache.go:12.58,23.2 2 0
github.com/TetsuyaXD/swerve/src/db/cache.go:26.60,36.16 2 0
github.com/TetsuyaXD/swerve/src/db/cache.go:40.2,41.75 2 0
github.com/TetsuyaXD/swerve/src/db/cache.go:45.2,45.17 1 0
github.com/TetsuyaXD/swerve/src/db/cache.go:36.16,38.3 1 0
github.com/TetsuyaXD/swerve/src/db/cache.go:41.75,43.3 1 0
github.com/TetsuyaXD/swerve/src/db/cache.go:49.66,64.2 2 0
github.com/TetsuyaXD/swerve/src/db/db.go:36.74,43.22 3 0
github.com/TetsuyaXD/swerve/src/db/db.go:47.2,47.35 1 0
github.com/TetsuyaXD/swerve/src/db/db.go:51.2,53.16 2 0
github.com/TetsuyaXD/swerve/src/db/db.go:57.2,60.15 3 0
github.com/TetsuyaXD/swerve/src/db/db.go:64.2,64.17 1 0
github.com/TetsuyaXD/swerve/src/db/db.go:43.22,45.3 1 0
github.com/TetsuyaXD/swerve/src/db/db.go:47.35,49.3 1 0
github.com/TetsuyaXD/swerve/src/db/db.go:53.16,55.3 1 0
github.com/TetsuyaXD/swerve/src/db/db.go:60.15,62.3 1 0
github.com/TetsuyaXD/swerve/src/db/db.go:68.35,103.74 5 0
github.com/TetsuyaXD/swerve/src/db/db.go:112.2,112.79 1 0
github.com/TetsuyaXD/swerve/src/db/db.go:103.74,106.73 3 0
github.com/TetsuyaXD/swerve/src/db/db.go:109.3,109.38 1 0
github.com/TetsuyaXD/swerve/src/db/db.go:106.73,108.4 1 0
github.com/TetsuyaXD/swerve/src/db/db.go:112.79,115.78 3 0
github.com/TetsuyaXD/swerve/src/db/db.go:118.3,118.46 1 0
github.com/TetsuyaXD/swerve/src/db/db.go:115.78,117.4 1 0
